[2020-10-21T19:13:59.539Z]  uncaughtException: connectToDB is not a function
TypeError: connectToDB is not a function
    at Object.<anonymous> (C:\Users\vtoloman\Documents\repos\express-REST-service\src\server.js:5:1)
    at Module._compile (internal/modules/cjs/loader.js:1137:30)
    at Object.Module._extensions..js (internal/modules/cjs/loader.js:1157:10)
    at Module.load (internal/modules/cjs/loader.js:985:32)
    at Function.Module._load (internal/modules/cjs/loader.js:878:14)
    at Function.executeUserEntryPoint [as runMain] (internal/modules/run_main.js:71:12)
    at internal/main/run_main_module.js:17:47
[2020-10-21T19:15:55.804Z]  uncaughtException: connectToDB is not a function
TypeError: connectToDB is not a function
    at Object.<anonymous> (C:\Users\vtoloman\Documents\repos\express-REST-service\src\server.js:5:1)
    at Module._compile (internal/modules/cjs/loader.js:1137:30)
    at Object.Module._extensions..js (internal/modules/cjs/loader.js:1157:10)
    at Module.load (internal/modules/cjs/loader.js:985:32)
    at Function.Module._load (internal/modules/cjs/loader.js:878:14)
    at Function.executeUserEntryPoint [as runMain] (internal/modules/run_main.js:71:12)
    at internal/main/run_main_module.js:17:47
[2020-10-21T19:17:47.275Z]  uncaughtException: connectToDB is not a function
TypeError: connectToDB is not a function
    at Object.<anonymous> (C:\Users\vtoloman\Documents\repos\express-REST-service\src\server.js:5:1)
    at Module._compile (internal/modules/cjs/loader.js:1137:30)
    at Object.Module._extensions..js (internal/modules/cjs/loader.js:1157:10)
    at Module.load (internal/modules/cjs/loader.js:985:32)
    at Function.Module._load (internal/modules/cjs/loader.js:878:14)
    at Function.executeUserEntryPoint [as runMain] (internal/modules/run_main.js:71:12)
    at internal/main/run_main_module.js:17:47
[2020-10-21T19:18:18.673Z]  uncaughtException: connectToDB is not a function
TypeError: connectToDB is not a function
    at Object.<anonymous> (C:\Users\vtoloman\Documents\repos\express-REST-service\src\server.js:5:1)
    at Module._compile (internal/modules/cjs/loader.js:1137:30)
    at Object.Module._extensions..js (internal/modules/cjs/loader.js:1157:10)
    at Module.load (internal/modules/cjs/loader.js:985:32)
    at Function.Module._load (internal/modules/cjs/loader.js:878:14)
    at Function.executeUserEntryPoint [as runMain] (internal/modules/run_main.js:71:12)
    at internal/main/run_main_module.js:17:47
[2020-10-21T19:18:30.194Z]  uncaughtException: connectToDB is not a function
TypeError: connectToDB is not a function
    at Object.<anonymous> (C:\Users\vtoloman\Documents\repos\express-REST-service\src\server.js:5:1)
    at Module._compile (internal/modules/cjs/loader.js:1137:30)
    at Object.Module._extensions..js (internal/modules/cjs/loader.js:1157:10)
    at Module.load (internal/modules/cjs/loader.js:985:32)
    at Function.Module._load (internal/modules/cjs/loader.js:878:14)
    at Function.executeUserEntryPoint [as runMain] (internal/modules/run_main.js:71:12)
    at internal/main/run_main_module.js:17:47
